[debug] [2024-04-26T20:18:37.819Z] ----------------------------------------------------------------------
[debug] [2024-04-26T20:18:37.825Z] Command:       C:\Program Files\nodejs\node.exe C:\Users\mphoj\AppData\Roaming\npm\node_modules\firebase-tools\lib\bin\firebase.js init
[debug] [2024-04-26T20:18:37.826Z] CLI Version:   13.7.5
[debug] [2024-04-26T20:18:37.826Z] Platform:      win32
[debug] [2024-04-26T20:18:37.827Z] Node Version:  v20.12.2
[debug] [2024-04-26T20:18:37.827Z] Time:          Fri Apr 26 2024 22:18:37 GMT+0200 (South Africa Standard Time)
[debug] [2024-04-26T20:18:37.827Z] ----------------------------------------------------------------------
[debug] 
[debug] [2024-04-26T20:18:37.841Z] > command requires scopes: ["email","openid","https://www.googleapis.com/auth/cloudplatformprojects.readonly","https://www.googleapis.com/auth/firebase","https://www.googleapis.com/auth/cloud-platform"]
[debug] [2024-04-26T20:18:37.842Z] > authorizing via signed-in user (khanyajara@gmail.com)
[info] 
     ######## #### ########  ######## ########     ###     ######  ########
     ##        ##  ##     ## ##       ##     ##  ##   ##  ##       ##
     ######    ##  ########  ######   ########  #########  ######  ######
     ##        ##  ##    ##  ##       ##     ## ##     ##       ## ##
     ##       #### ##     ## ######## ########  ##     ##  ######  ########

You're about to initialize a Firebase project in this directory:

  C:\Users\mphoj\Desktop\SNEAKERHEADS

[info] 
=== Project Setup
[info] 
[info] First, let's associate this project directory with a Firebase project.
[info] You can create multiple project aliases by running firebase use --add, 
[info] but for now we'll just set up a default project.
[info] 
